<?xml version="1.0" encoding="UTF-8"?>
<!-- Generated by org.testng.reporters.JUnitReportReporter -->
<testsuite hostname="DESKTOP-RSB6NC4" failures="0" tests="2" name="com.shrish.AppTest" time="0.023" errors="0" timestamp="2022-09-21T20:36:08 IST" skipped="0">
  <testcase classname="com.shrish.AppTest" name="testlogin1" time="0.021"/>
  <system-out/>
  <testcase classname="com.shrish.AppTest" name="testlogin2" time="0.002"/>
  <system-out/>
</testsuite> <!-- com.shrish.AppTest -->
